<?xml version="1.0" encoding="UTF-8"?>
<!-- Generated by org.testng.reporters.JUnitReportReporter -->
<testsuite hostname="Mohannas-MBP.home" name="com.hubspot.tests.LoginPageTest" tests="2" failures="0" timestamp="7 Jul 2020 07:03:00 GMT" time="14.321" errors="0">
  <testcase name="loginTest" time="7.955" classname="com.hubspot.tests.LoginPageTest"/>
  <testcase name="getTitle" time="6.366" classname="com.hubspot.tests.LoginPageTest"/>
</testsuite> <!-- com.hubspot.tests.LoginPageTest -->
